DataSetInfo              : [dataset] : Added class "Signal"
                         : Add Tree tree of type Signal with 4710000 events
DataSetInfo              : [dataset] : Added class "Background"
                         : Add Tree tree of type Background with 1600000 events
Factory                  : Booking method: [1mBDT[0m
                         : 
DataSetFactory           : [dataset] : Number of events in input trees
                         : Dataset[dataset] :     Signal     requirement: "hepTop_genHadTop_deltaR_reco < 1 && hepTop_genHadTop_deltaR_reco < hepTop_genLepTop_deltaR_reco && hepTop_pT_reco > 200 && hepTop_nExcSubJet_reco >= 3"
                         : Dataset[dataset] :     Signal          -- number of events passed: 4665126  / sum of weights: 4.66513e+06
                         : Dataset[dataset] :     Signal          -- efficiency             : 0.407666
                         : Dataset[dataset] :     Background requirement: "hepTop_pT_reco > 200 && hepTop_nExcSubJet_reco >= 3"
                         : Dataset[dataset] :     Background      -- number of events passed: 3211554  / sum of weights: 3.21155e+06
                         : Dataset[dataset] :     Background      -- efficiency             : 0.819172
                         : Dataset[dataset] :  you have opted for interpreting the requested number of training/testing events
                         :  to be the number of events AFTER your preselection cuts
                         : 
                         : Dataset[dataset] :  you have opted for interpreting the requested number of training/testing events
                         :  to be the number of events AFTER your preselection cuts
                         : 
                         : Number of training and testing events
                         : ---------------------------------------------------------------------------
                         : Signal     -- training events            : 3732100
                         : Signal     -- testing events             : 933026
                         : Signal     -- training and testing events: 4665126
                         : Dataset[dataset] : Signal     -- due to the preselection a scaling factor has been applied to the numbers of requested events: 0.407666
                         : Background -- training events            : 1605777
                         : Background -- testing events             : 1605777
                         : Background -- training and testing events: 3211554
                         : Dataset[dataset] : Background -- due to the preselection a scaling factor has been applied to the numbers of requested events: 0.819172
                         : 
DataSetInfo              : Correlation matrix (Signal):
                         : ----------------------------------------------------------------------------------------------------------------------
                         :                        hepTop_m_reco hepTop_tau2ratio_reco hepTop_tau3ratio_reco hepTop_tau4ratio_reco hepTop_CNN_reco
                         :         hepTop_m_reco:        +1.000                +0.341                -0.189                -0.303          +0.234
                         : hepTop_tau2ratio_reco:        +0.341                +1.000                -0.466                -0.307          +0.156
                         : hepTop_tau3ratio_reco:        -0.189                -0.466                +1.000                +0.007          -0.457
                         : hepTop_tau4ratio_reco:        -0.303                -0.307                +0.007                +1.000          -0.043
                         :       hepTop_CNN_reco:        +0.234                +0.156                -0.457                -0.043          +1.000
                         : ----------------------------------------------------------------------------------------------------------------------
DataSetInfo              : Correlation matrix (Background):
                         : ----------------------------------------------------------------------------------------------------------------------
                         :                        hepTop_m_reco hepTop_tau2ratio_reco hepTop_tau3ratio_reco hepTop_tau4ratio_reco hepTop_CNN_reco
                         :         hepTop_m_reco:        +1.000                -0.254                +0.164                +0.340          +0.513
                         : hepTop_tau2ratio_reco:        -0.254                +1.000                +0.064                +0.130          -0.180
                         : hepTop_tau3ratio_reco:        +0.164                +0.064                +1.000                +0.688          +0.083
                         : hepTop_tau4ratio_reco:        +0.340                +0.130                +0.688                +1.000          +0.321
                         :       hepTop_CNN_reco:        +0.513                -0.180                +0.083                +0.321          +1.000
                         : ----------------------------------------------------------------------------------------------------------------------
DataSetFactory           : [dataset] :  
                         : 
Factory                  : [1mTrain all methods[0m
Factory                  : [dataset] : Create Transformation "I" with events from all classes.
                         : 
                         : Transformation, Variable selection : 
                         : Input : variable 'hepTop_m_reco' <---> Output : variable 'hepTop_m_reco'
                         : Input : variable 'hepTop_tau2ratio_reco' <---> Output : variable 'hepTop_tau2ratio_reco'
                         : Input : variable 'hepTop_tau3ratio_reco' <---> Output : variable 'hepTop_tau3ratio_reco'
                         : Input : variable 'hepTop_tau4ratio_reco' <---> Output : variable 'hepTop_tau4ratio_reco'
                         : Input : variable 'hepTop_CNN_reco' <---> Output : variable 'hepTop_CNN_reco'
TFHandler_Factory        :              Variable                     Mean                     RMS             [        Min                     Max ]
                         : ----------------------------------------------------------------------------------------------------------------------------
                         :         hepTop_m_reco:                 151.92                 107.87   [                0.13614                 1856.8 ]
                         : hepTop_tau2ratio_reco:                0.44750                0.15308   [             0.00028031                0.94336 ]
                         : hepTop_tau3ratio_reco:                0.61398                0.17463   [                 0.0000                 1.0233 ]
                         : hepTop_tau4ratio_reco:                0.77039                0.14073   [                 0.0000                 1.1280 ]
                         :       hepTop_CNN_reco:                0.64335                0.36155   [             1.7612e-09                0.99804 ]
                         : ----------------------------------------------------------------------------------------------------------------------------
                         : Ranking input variables (method unspecific)...
IdTransformation         : Ranking result (top variable is best ranked)
                         : ----------------------------------------------
                         : Rank : Variable              : Separation
                         : ----------------------------------------------
                         :    1 : hepTop_CNN_reco       : 5.570e-01
                         :    2 : hepTop_m_reco         : 3.741e-01
                         :    3 : hepTop_tau3ratio_reco : 1.062e-01
                         :    4 : hepTop_tau2ratio_reco : 3.306e-02
                         :    5 : hepTop_tau4ratio_reco : 3.219e-02
                         : ----------------------------------------------
Factory                  : Train method: BDT for Classification
                         : 
BDT                      : #events: (reweighted) sig: 2.66894e+06 bkg: 2.66894e+06
                         : #events: (unweighted) sig: 3732100 bkg: 1605777
                         : Training 850 Decision Trees ... patience please
0%, time left: unknown
6%, time left: 24 mins
12%, time left: 22 mins
18%, time left: 21 mins
25%, time left: 19 mins
31%, time left: 17 mins
37%, time left: 16 mins
43%, time left: 14 mins
50%, time left: 12 mins
56%, time left: 11 mins
62%, time left: 9 mins
68%, time left: 8 mins
75%, time left: 6 mins
81%, time left: 290 sec
87%, time left: 193 sec
93%, time left: 96 sec
                         : Elapsed time for training with 5337877 events: 1.6e+03 sec         
BDT                      : [dataset] : Evaluation of BDT on training sample (5337877 events)
0%, time left: unknown
6%, time left: 188 sec
12%, time left: 175 sec
18%, time left: 162 sec
25%, time left: 147 sec
31%, time left: 135 sec
37%, time left: 123 sec
43%, time left: 111 sec
50%, time left: 97 sec
56%, time left: 85 sec
62%, time left: 73 sec
68%, time left: 61 sec
75%, time left: 47 sec
81%, time left: 35 sec
87%, time left: 23 sec
93%, time left: 11 sec
                         : Elapsed time for evaluation of 5337877 events: 199 sec       
                         : Creating xml weight file: [0;36mdataset/weights/TMVAClassification_BDT.weights.xml[0m
                         : Creating standalone class: [0;36mdataset/weights/TMVAClassification_BDT.class.C[0m
Factory                  : Training finished
                         : 
                         : Ranking input variables (method specific)...
BDT                      : Ranking result (top variable is best ranked)
                         : -------------------------------------------------------
                         : Rank : Variable              : Variable Importance
                         : -------------------------------------------------------
                         :    1 : hepTop_CNN_reco       : 3.117e-01
                         :    2 : hepTop_m_reco         : 2.725e-01
                         :    3 : hepTop_tau2ratio_reco : 1.761e-01
                         :    4 : hepTop_tau3ratio_reco : 1.453e-01
                         :    5 : hepTop_tau4ratio_reco : 9.433e-02
                         : -------------------------------------------------------
Factory                  : === Destroy and recreate all methods via weight files for testing ===
                         : 
                         : Reading weight file: [0;36mdataset/weights/TMVAClassification_BDT.weights.xml[0m
Factory                  : [1mTest all methods[0m
Factory                  : Test method: BDT for Classification performance
                         : 
BDT                      : [dataset] : Evaluation of BDT on testing sample (2538803 events)
0%, time left: unknown
7%, time left: 77 sec
13%, time left: 72 sec
19%, time left: 67 sec
26%, time left: 61 sec
32%, time left: 56 sec
37%, time left: 51 sec
43%, time left: 46 sec
50%, time left: 40 sec
56%, time left: 35 sec
62%, time left: 30 sec
68%, time left: 25 sec
75%, time left: 19 sec
81%, time left: 14 sec
87%, time left: 9 sec
93%, time left: 4 sec
                         : Elapsed time for evaluation of 2538803 events: 82.9 sec       
Factory                  : [1mEvaluate all methods[0m
Factory                  : Evaluate classifier: BDT
                         : 
BDT                      : [dataset] : Loop over test events and fill histograms with classifier response...
                         : 
TFHandler_BDT            :              Variable                     Mean                     RMS             [        Min                     Max ]
                         : ----------------------------------------------------------------------------------------------------------------------------
                         :         hepTop_m_reco:                 126.92                 117.26   [                0.10841                 2283.3 ]
                         : hepTop_tau2ratio_reco:                0.45747                0.15833   [             0.00028414                0.94666 ]
                         : hepTop_tau3ratio_reco:                0.64196                0.17401   [                 0.0000                 1.0980 ]
                         : hepTop_tau4ratio_reco:                0.75292                0.16830   [                 0.0000                 1.1044 ]
                         :       hepTop_CNN_reco:                0.45076                0.38958   [             2.1261e-09                0.99763 ]
                         : ----------------------------------------------------------------------------------------------------------------------------
                         : 
                         : Evaluation results ranked by best signal efficiency and purity (area)
                         : -------------------------------------------------------------------------------------------------------------------
                         : DataSet       MVA                       
                         : Name:         Method:          ROC-integ
                         : dataset       BDT            : 0.935
                         : -------------------------------------------------------------------------------------------------------------------
                         : 
                         : Testing efficiency compared to training efficiency (overtraining check)
                         : -------------------------------------------------------------------------------------------------------------------
                         : DataSet              MVA              Signal efficiency: from test sample (from training sample) 
                         : Name:                Method:          @B=0.01             @B=0.10            @B=0.30   
                         : -------------------------------------------------------------------------------------------------------------------
                         : dataset              BDT            : 0.386 (0.387)       0.807 (0.807)      0.957 (0.957)
                         : -------------------------------------------------------------------------------------------------------------------
                         : 
Dataset:dataset          : Created tree 'TestTree' with 2538803 events
                         : 
Dataset:dataset          : Created tree 'TrainTree' with 5337877 events
                         : 
Factory                  : [1mThank you for using TMVA![0m
                         : [1mFor citation information, please visit: http://tmva.sf.net/citeTMVA.html[0m
==> Wrote root file: TMVA.root
==> TMVAClassification is done!
