DataSetInfo              : [dataset] : Added class "Signal"
                         : Add Tree tree of type Signal with 1280000 events
DataSetInfo              : [dataset] : Added class "Background"
                         : Add Tree tree of type Background with 1280000 events
Factory                  : Booking method: [1mBDT[0m
                         : 
DataSetFactory           : [dataset] : Number of events in input trees
                         : Dataset[dataset] :     Signal     requirement: "hepTop_genLepTop_deltaR_reco < 1 && hepTop_genLepTop_deltaR_reco < hepTop_genHadTop_deltaR_reco && hepTop_pT_reco > 200 && hepTop_nExcSubJet_reco >= 3"
                         : Dataset[dataset] :     Signal          -- number of events passed: 771852  / sum of weights: 771852
                         : Dataset[dataset] :     Signal          -- efficiency             : 0.244109
                         : Dataset[dataset] :     Background requirement: "hepTop_genLepTop_deltaR_reco < 1 && hepTop_genLepTop_deltaR_reco < hepTop_genHadTop_deltaR_reco && hepTop_pT_reco > 200 && hepTop_nExcSubJet_reco >= 3"
                         : Dataset[dataset] :     Background      -- number of events passed: 826917  / sum of weights: 826917
                         : Dataset[dataset] :     Background      -- efficiency             : 0.261466
                         : Dataset[dataset] :  you have opted for interpreting the requested number of training/testing events
                         :  to be the number of events AFTER your preselection cuts
                         : 
                         : Dataset[dataset] :  you have opted for interpreting the requested number of training/testing events
                         :  to be the number of events AFTER your preselection cuts
                         : 
                         : Number of training and testing events
                         : ---------------------------------------------------------------------------
                         : Signal     -- training events            : 617481
                         : Signal     -- testing events             : 154371
                         : Signal     -- training and testing events: 771852
                         : Dataset[dataset] : Signal     -- due to the preselection a scaling factor has been applied to the numbers of requested events: 0.244109
                         : Background -- training events            : 413458
                         : Background -- testing events             : 413459
                         : Background -- training and testing events: 826917
                         : Dataset[dataset] : Background -- due to the preselection a scaling factor has been applied to the numbers of requested events: 0.261466
                         : 
DataSetInfo              : Correlation matrix (Signal):
                         : -----------------------------------------------
                         :                  hepTop_zl_reco hepTop_CNN_reco
                         :  hepTop_zl_reco:         +1.000          -0.710
                         : hepTop_CNN_reco:         -0.710          +1.000
                         : -----------------------------------------------
DataSetInfo              : Correlation matrix (Background):
                         : -----------------------------------------------
                         :                  hepTop_zl_reco hepTop_CNN_reco
                         :  hepTop_zl_reco:         +1.000          -0.705
                         : hepTop_CNN_reco:         -0.705          +1.000
                         : -----------------------------------------------
DataSetFactory           : [dataset] :  
                         : 
Factory                  : [1mTrain all methods[0m
Factory                  : [dataset] : Create Transformation "I" with events from all classes.
                         : 
                         : Transformation, Variable selection : 
                         : Input : variable 'hepTop_zl_reco' <---> Output : variable 'hepTop_zl_reco'
                         : Input : variable 'hepTop_CNN_reco' <---> Output : variable 'hepTop_CNN_reco'
TFHandler_Factory        :        Variable               Mean               RMS       [        Min               Max ]
                         : ----------------------------------------------------------------------------------------------
                         :  hepTop_zl_reco:          0.30309          0.20146   [           0.0000          0.95243 ]
                         : hepTop_CNN_reco:          0.48556          0.20683   [         0.059087          0.98891 ]
                         : ----------------------------------------------------------------------------------------------
                         : Ranking input variables (method unspecific)...
IdTransformation         : Ranking result (top variable is best ranked)
                         : ----------------------------------------
                         : Rank : Variable        : Separation
                         : ----------------------------------------
                         :    1 : hepTop_CNN_reco : 1.773e-01
                         :    2 : hepTop_zl_reco  : 1.134e-01
                         : ----------------------------------------
Factory                  : Train method: BDT for Classification
                         : 
BDT                      : #events: (reweighted) sig: 515470 bkg: 515470
                         : #events: (unweighted) sig: 617481 bkg: 413458
                         : Training 850 Decision Trees ... patience please
0%, time left: unknown
6%, time left: 233 sec
12%, time left: 218 sec
18%, time left: 205 sec
25%, time left: 190 sec
31%, time left: 175 sec
37%, time left: 160 sec
43%, time left: 144 sec
50%, time left: 128 sec
56%, time left: 112 sec
62%, time left: 96 sec
68%, time left: 80 sec
75%, time left: 64 sec
81%, time left: 48 sec
87%, time left: 32 sec
93%, time left: 16 sec
                         : Elapsed time for training with 1030939 events: 262 sec         
BDT                      : [dataset] : Evaluation of BDT on training sample (1030939 events)
0%, time left: unknown
6%, time left: 34 sec
12%, time left: 32 sec
18%, time left: 29 sec
25%, time left: 27 sec
31%, time left: 24 sec
37%, time left: 22 sec
43%, time left: 20 sec
50%, time left: 17 sec
56%, time left: 15 sec
62%, time left: 13 sec
68%, time left: 11 sec
75%, time left: 8 sec
81%, time left: 6 sec
87%, time left: 4 sec
93%, time left: 2 sec
                         : Elapsed time for evaluation of 1030939 events: 36.5 sec       
                         : Creating xml weight file: [0;36mdataset/weights/TMVAClassification_BDT.weights.xml[0m
                         : Creating standalone class: [0;36mdataset/weights/TMVAClassification_BDT.class.C[0m
Factory                  : Training finished
                         : 
                         : Ranking input variables (method specific)...
BDT                      : Ranking result (top variable is best ranked)
                         : -------------------------------------------------
                         : Rank : Variable        : Variable Importance
                         : -------------------------------------------------
                         :    1 : hepTop_CNN_reco : 6.403e-01
                         :    2 : hepTop_zl_reco  : 3.597e-01
                         : -------------------------------------------------
Factory                  : === Destroy and recreate all methods via weight files for testing ===
                         : 
                         : Reading weight file: [0;36mdataset/weights/TMVAClassification_BDT.weights.xml[0m
Factory                  : [1mTest all methods[0m
Factory                  : Test method: BDT for Classification performance
                         : 
BDT                      : [dataset] : Evaluation of BDT on testing sample (567830 events)
0%, time left: unknown
6%, time left: 16 sec
12%, time left: 15 sec
18%, time left: 14 sec
25%, time left: 13 sec
31%, time left: 11 sec
37%, time left: 10 sec
43%, time left: 9 sec
50%, time left: 8 sec
56%, time left: 7 sec
62%, time left: 6 sec
68%, time left: 5 sec
75%, time left: 4 sec
81%, time left: 3 sec
87%, time left: 2 sec
93%, time left: 1 sec
                         : Elapsed time for evaluation of 567830 events: 17.6 sec       
Factory                  : [1mEvaluate all methods[0m
Factory                  : Evaluate classifier: BDT
                         : 
BDT                      : [dataset] : Loop over test events and fill histograms with classifier response...
                         : 
TFHandler_BDT            :        Variable               Mean               RMS       [        Min               Max ]
                         : ----------------------------------------------------------------------------------------------
                         :  hepTop_zl_reco:          0.34687          0.21090   [           0.0000          0.95847 ]
                         : hepTop_CNN_reco:          0.42940          0.19207   [         0.066235          0.98900 ]
                         : ----------------------------------------------------------------------------------------------
                         : 
                         : Evaluation results ranked by best signal efficiency and purity (area)
                         : -------------------------------------------------------------------------------------------------------------------
                         : DataSet       MVA                       
                         : Name:         Method:          ROC-integ
                         : dataset       BDT            : 0.742
                         : -------------------------------------------------------------------------------------------------------------------
                         : 
                         : Testing efficiency compared to training efficiency (overtraining check)
                         : -------------------------------------------------------------------------------------------------------------------
                         : DataSet              MVA              Signal efficiency: from test sample (from training sample) 
                         : Name:                Method:          @B=0.01             @B=0.10            @B=0.30   
                         : -------------------------------------------------------------------------------------------------------------------
                         : dataset              BDT            : 0.075 (0.074)       0.391 (0.392)      0.664 (0.665)
                         : -------------------------------------------------------------------------------------------------------------------
                         : 
Dataset:dataset          : Created tree 'TestTree' with 567830 events
                         : 
Dataset:dataset          : Created tree 'TrainTree' with 1030939 events
                         : 
Factory                  : [1mThank you for using TMVA![0m
                         : [1mFor citation information, please visit: http://tmva.sf.net/citeTMVA.html[0m
==> Wrote root file: TMVA.root
==> TMVAClassification is done!
