DataSetInfo              : [dataset] : Added class "Signal"
                         : Add Tree tree of type Signal with 4710000 events
DataSetInfo              : [dataset] : Added class "Background"
                         : Add Tree tree of type Background with 1600000 events
Factory                  : Booking method: [1mBDT[0m
                         : 
DataSetFactory           : [dataset] : Number of events in input trees
                         : Dataset[dataset] :     Signal     requirement: "hepTop_genLepTop_deltaR_reco < 1 && hepTop_genLepTop_deltaR_reco < hepTop_genHadTop_deltaR_reco && hepTop_pT_reco > 200 && hepTop_nExcSubJet_reco >= 3"
                         : Dataset[dataset] :     Signal          -- number of events passed: 3803530  / sum of weights: 3.80353e+06
                         : Dataset[dataset] :     Signal          -- efficiency             : 0.332375
                         : Dataset[dataset] :     Background requirement: "hepTop_pT_reco > 200 && hepTop_nExcSubJet_reco >= 3"
                         : Dataset[dataset] :     Background      -- number of events passed: 3211554  / sum of weights: 3.21155e+06
                         : Dataset[dataset] :     Background      -- efficiency             : 0.819172
                         : Dataset[dataset] :  you have opted for interpreting the requested number of training/testing events
                         :  to be the number of events AFTER your preselection cuts
                         : 
                         : Dataset[dataset] :  you have opted for interpreting the requested number of training/testing events
                         :  to be the number of events AFTER your preselection cuts
                         : 
                         : Number of training and testing events
                         : ---------------------------------------------------------------------------
                         : Signal     -- training events            : 3042824
                         : Signal     -- testing events             : 760706
                         : Signal     -- training and testing events: 3803530
                         : Dataset[dataset] : Signal     -- due to the preselection a scaling factor has been applied to the numbers of requested events: 0.332375
                         : Background -- training events            : 1605777
                         : Background -- testing events             : 1605777
                         : Background -- training and testing events: 3211554
                         : Dataset[dataset] : Background -- due to the preselection a scaling factor has been applied to the numbers of requested events: 0.819172
                         : 
DataSetInfo              : Correlation matrix (Signal):
                         : --------------------------------------------------------------------------------------------------------------------------------------------------------------------------------------------------------------------------------------
                         :                                                                     hepTop_m_reco hepTop_tau2ratio_reco hepTop_tau3ratio_reco hepTop_tau4ratio_reco min(hepTop_lepSubJet1_miniIso_reco,hepTop_lepSubJet2_miniIso_reco) hepTop_CNN_reco
                         :                                                      hepTop_m_reco:        +1.000                +0.196                -0.276                +0.039                                                             -0.057          +0.155
                         :                                              hepTop_tau2ratio_reco:        +0.196                +1.000                -0.379                -0.084                                                             +0.095          -0.391
                         :                                              hepTop_tau3ratio_reco:        -0.276                -0.379                +1.000                +0.125                                                             +0.003          -0.063
                         :                                              hepTop_tau4ratio_reco:        +0.039                -0.084                +0.125                +1.000                                                             -0.039          +0.103
                         : min(hepTop_lepSubJet1_miniIso_reco,hepTop_lepSubJet2_miniIso_reco):        -0.057                +0.095                +0.003                -0.039                                                             +1.000          -0.211
                         :                                                    hepTop_CNN_reco:        +0.155                -0.391                -0.063                +0.103                                                             -0.211          +1.000
                         : --------------------------------------------------------------------------------------------------------------------------------------------------------------------------------------------------------------------------------------
DataSetInfo              : Correlation matrix (Background):
                         : --------------------------------------------------------------------------------------------------------------------------------------------------------------------------------------------------------------------------------------
                         :                                                                     hepTop_m_reco hepTop_tau2ratio_reco hepTop_tau3ratio_reco hepTop_tau4ratio_reco min(hepTop_lepSubJet1_miniIso_reco,hepTop_lepSubJet2_miniIso_reco) hepTop_CNN_reco
                         :                                                      hepTop_m_reco:        +1.000                -0.254                +0.162                +0.340                                                             -0.050          +0.034
                         :                                              hepTop_tau2ratio_reco:        -0.254                +1.000                +0.065                +0.130                                                             -0.017          -0.050
                         :                                              hepTop_tau3ratio_reco:        +0.162                +0.065                +1.000                +0.687                                                             -0.063          -0.024
                         :                                              hepTop_tau4ratio_reco:        +0.340                +0.130                +0.687                +1.000                                                             -0.069          +0.017
                         : min(hepTop_lepSubJet1_miniIso_reco,hepTop_lepSubJet2_miniIso_reco):        -0.050                -0.017                -0.063                -0.069                                                             +1.000          -0.046
                         :                                                    hepTop_CNN_reco:        +0.034                -0.050                -0.024                +0.017                                                             -0.046          +1.000
                         : --------------------------------------------------------------------------------------------------------------------------------------------------------------------------------------------------------------------------------------
DataSetFactory           : [dataset] :  
                         : 
Factory                  : [1mTrain all methods[0m
Factory                  : [dataset] : Create Transformation "I" with events from all classes.
                         : 
                         : Transformation, Variable selection : 
                         : Input : variable 'hepTop_m_reco' <---> Output : variable 'hepTop_m_reco'
                         : Input : variable 'hepTop_tau2ratio_reco' <---> Output : variable 'hepTop_tau2ratio_reco'
                         : Input : variable 'hepTop_tau3ratio_reco' <---> Output : variable 'hepTop_tau3ratio_reco'
                         : Input : variable 'hepTop_tau4ratio_reco' <---> Output : variable 'hepTop_tau4ratio_reco'
                         : Input : variable 'min(hepTop_lepSubJet1_miniIso_reco,hepTop_lepSubJet2_miniIso_reco)' <---> Output : variable 'min(hepTop_lepSubJet1_miniIso_reco,hepTop_lepSubJet2_miniIso_reco)'
                         : Input : variable 'hepTop_CNN_reco' <---> Output : variable 'hepTop_CNN_reco'
TFHandler_Factory        :                                                           Variable                                                                  Mean                                                                  RMS                                                          [        Min                                                                  Max ]
                         : -------------------------------------------------------------------------------------------------------------------------------------------------------------------------------------------------------------------------------------------------------------------------------------------------------------------------------------------------------------
                         :                                                      hepTop_m_reco:                                                              119.68                                                              101.51   [                                                            0.048098                                                              2103.7 ]
                         :                                              hepTop_tau2ratio_reco:                                                             0.35648                                                             0.18867   [                                                          7.0027e-05                                                             0.94666 ]
                         :                                              hepTop_tau3ratio_reco:                                                             0.65312                                                             0.16007   [                                                              0.0000                                                              1.1060 ]
                         :                                              hepTop_tau4ratio_reco:                                                             0.75236                                                             0.14162   [                                                              0.0000                                                              1.1305 ]
                         : min(hepTop_lepSubJet1_miniIso_reco,hepTop_lepSubJet2_miniIso_reco):                                                              2.0874                                                              14.684   [                                                              0.0000                                                              999.00 ]
                         :                                                    hepTop_CNN_reco:                                                             0.63577                                                             0.42280   [                                                           0.0022779                                                              1.0000 ]
                         : -------------------------------------------------------------------------------------------------------------------------------------------------------------------------------------------------------------------------------------------------------------------------------------------------------------------------------------------------------------
                         : Ranking input variables (method unspecific)...
IdTransformation         : Ranking result (top variable is best ranked)
                         : -------------------------------------------------------------------------------------------
                         : Rank : Variable                                                           : Separation
                         : -------------------------------------------------------------------------------------------
                         :    1 : hepTop_CNN_reco                                                    : 7.730e-01
                         :    2 : min(hepTop_lepSubJet1_miniIso_reco,hepTop_lepSubJet2_miniIso_reco) : 2.739e-01
                         :    3 : hepTop_m_reco                                                      : 2.488e-01
                         :    4 : hepTop_tau2ratio_reco                                              : 2.177e-01
                         :    5 : hepTop_tau4ratio_reco                                              : 4.731e-02
                         :    6 : hepTop_tau3ratio_reco                                              : 2.897e-02
                         : -------------------------------------------------------------------------------------------
Factory                  : Train method: BDT for Classification
                         : 
BDT                      : #events: (reweighted) sig: 2.3243e+06 bkg: 2.3243e+06
                         : #events: (unweighted) sig: 3042824 bkg: 1605777
                         : Training 850 Decision Trees ... patience please
0%, time left: unknown
6%, time left: 22 mins
12%, time left: 21 mins
18%, time left: 19 mins
25%, time left: 17 mins
31%, time left: 16 mins
37%, time left: 14 mins
43%, time left: 13 mins
50%, time left: 11 mins
56%, time left: 10 mins
62%, time left: 8 mins
68%, time left: 7 mins
75%, time left: 5 mins
81%, time left: 262 sec
87%, time left: 174 sec
93%, time left: 87 sec
                         : Elapsed time for training with 4648601 events: 1.44e+03 sec         
BDT                      : [dataset] : Evaluation of BDT on training sample (4648601 events)
0%, time left: unknown
7%, time left: 155 sec
13%, time left: 144 sec
19%, time left: 134 sec
26%, time left: 122 sec
32%, time left: 112 sec
38%, time left: 102 sec
44%, time left: 92 sec
51%, time left: 80 sec
57%, time left: 70 sec
63%, time left: 60 sec
69%, time left: 50 sec
76%, time left: 39 sec
82%, time left: 29 sec
88%, time left: 19 sec
94%, time left: 9 sec
                         : Elapsed time for evaluation of 4648601 events: 164 sec       
                         : Creating xml weight file: [0;36mdataset/weights/TMVAClassification_BDT.weights.xml[0m
                         : Creating standalone class: [0;36mdataset/weights/TMVAClassification_BDT.class.C[0m
Factory                  : Training finished
                         : 
                         : Ranking input variables (method specific)...
BDT                      : Ranking result (top variable is best ranked)
                         : ----------------------------------------------------------------------------------------------------
                         : Rank : Variable                                                           : Variable Importance
                         : ----------------------------------------------------------------------------------------------------
                         :    1 : hepTop_CNN_reco                                                    : 3.961e-01
                         :    2 : hepTop_m_reco                                                      : 1.653e-01
                         :    3 : hepTop_tau2ratio_reco                                              : 1.452e-01
                         :    4 : hepTop_tau3ratio_reco                                              : 1.097e-01
                         :    5 : hepTop_tau4ratio_reco                                              : 9.242e-02
                         :    6 : min(hepTop_lepSubJet1_miniIso_reco,hepTop_lepSubJet2_miniIso_reco) : 9.117e-02
                         : ----------------------------------------------------------------------------------------------------
Factory                  : === Destroy and recreate all methods via weight files for testing ===
                         : 
                         : Reading weight file: [0;36mdataset/weights/TMVAClassification_BDT.weights.xml[0m
Factory                  : [1mTest all methods[0m
Factory                  : Test method: BDT for Classification performance
                         : 
BDT                      : [dataset] : Evaluation of BDT on testing sample (2366483 events)
0%, time left: unknown
6%, time left: 69 sec
12%, time left: 64 sec
18%, time left: 60 sec
25%, time left: 55 sec
31%, time left: 50 sec
37%, time left: 46 sec
43%, time left: 41 sec
50%, time left: 36 sec
56%, time left: 31 sec
62%, time left: 27 sec
68%, time left: 23 sec
75%, time left: 17 sec
81%, time left: 13 sec
87%, time left: 8 sec
93%, time left: 4 sec
                         : Elapsed time for evaluation of 2366483 events: 74.3 sec       
Factory                  : [1mEvaluate all methods[0m
Factory                  : Evaluate classifier: BDT
                         : 
BDT                      : [dataset] : Loop over test events and fill histograms with classifier response...
                         : 
TFHandler_BDT            :                                                           Variable                                                                  Mean                                                                  RMS                                                          [        Min                                                                  Max ]
                         : -------------------------------------------------------------------------------------------------------------------------------------------------------------------------------------------------------------------------------------------------------------------------------------------------------------------------------------------------------------
                         :                                                      hepTop_m_reco:                                                              109.09                                                              112.06   [                                                            0.025854                                                              1895.8 ]
                         :                                              hepTop_tau2ratio_reco:                                                             0.41384                                                             0.18490   [                                                          4.5943e-05                                                             0.94336 ]
                         :                                              hepTop_tau3ratio_reco:                                                             0.66320                                                             0.16446   [                                                              0.0000                                                              1.0980 ]
                         :                                              hepTop_tau4ratio_reco:                                                             0.74282                                                             0.16951   [                                                              0.0000                                                              1.1796 ]
                         : min(hepTop_lepSubJet1_miniIso_reco,hepTop_lepSubJet2_miniIso_reco):                                                              3.5194                                                              20.124   [                                                              0.0000                                                              999.00 ]
                         :                                                    hepTop_CNN_reco:                                                             0.38443                                                             0.39731   [                                                           0.0021275                                                              1.0000 ]
                         : -------------------------------------------------------------------------------------------------------------------------------------------------------------------------------------------------------------------------------------------------------------------------------------------------------------------------------------------------------------
                         : 
                         : Evaluation results ranked by best signal efficiency and purity (area)
                         : -------------------------------------------------------------------------------------------------------------------
                         : DataSet       MVA                       
                         : Name:         Method:          ROC-integ
                         : dataset       BDT            : 0.965
                         : -------------------------------------------------------------------------------------------------------------------
                         : 
                         : Testing efficiency compared to training efficiency (overtraining check)
                         : -------------------------------------------------------------------------------------------------------------------
                         : DataSet              MVA              Signal efficiency: from test sample (from training sample) 
                         : Name:                Method:          @B=0.01             @B=0.10            @B=0.30   
                         : -------------------------------------------------------------------------------------------------------------------
                         : dataset              BDT            : 0.871 (0.871)       0.917 (0.917)      0.954 (0.954)
                         : -------------------------------------------------------------------------------------------------------------------
                         : 
Dataset:dataset          : Created tree 'TestTree' with 2366483 events
                         : 
Dataset:dataset          : Created tree 'TrainTree' with 4648601 events
                         : 
Factory                  : [1mThank you for using TMVA![0m
                         : [1mFor citation information, please visit: http://tmva.sf.net/citeTMVA.html[0m
==> Wrote root file: TMVA.root
==> TMVAClassification is done!
