DataSetInfo              : [dataset] : Added class "Signal"
                         : Add Tree tree of type Signal with 1280000 events
DataSetInfo              : [dataset] : Added class "Background"
                         : Add Tree tree of type Background with 1280000 events
Factory                  : Booking method: [1mBDT[0m
                         : 
DataSetFactory           : [dataset] : Number of events in input trees
                         : Dataset[dataset] :     Signal     requirement: "hepTop_genHadTop_deltaR_reco < 1 && hepTop_genHadTop_deltaR_reco < hepTop_genLepTop_deltaR_reco && hepTop_pT_reco > 200 && hepTop_nExcSubJet_reco >= 3"
                         : Dataset[dataset] :     Signal          -- number of events passed: 1076748  / sum of weights: 1.07675e+06
                         : Dataset[dataset] :     Signal          -- efficiency             : 0.340536
                         : Dataset[dataset] :     Background requirement: "hepTop_genHadTop_deltaR_reco < 1 && hepTop_genHadTop_deltaR_reco < hepTop_genLepTop_deltaR_reco && hepTop_pT_reco > 200 && hepTop_nExcSubJet_reco >= 3"
                         : Dataset[dataset] :     Background      -- number of events passed: 1065103  / sum of weights: 1.0651e+06
                         : Dataset[dataset] :     Background      -- efficiency             : 0.336779
                         : Dataset[dataset] :  you have opted for interpreting the requested number of training/testing events
                         :  to be the number of events AFTER your preselection cuts
                         : 
                         : Dataset[dataset] :  you have opted for interpreting the requested number of training/testing events
                         :  to be the number of events AFTER your preselection cuts
                         : 
                         : Number of training and testing events
                         : ---------------------------------------------------------------------------
                         : Signal     -- training events            : 861398
                         : Signal     -- testing events             : 215350
                         : Signal     -- training and testing events: 1076748
                         : Dataset[dataset] : Signal     -- due to the preselection a scaling factor has been applied to the numbers of requested events: 0.340536
                         : Background -- training events            : 532551
                         : Background -- testing events             : 532552
                         : Background -- training and testing events: 1065103
                         : Dataset[dataset] : Background -- due to the preselection a scaling factor has been applied to the numbers of requested events: 0.336779
                         : 
DataSetInfo              : Correlation matrix (Signal):
                         : ------------------------------------------------------------------------------------------------
                         :                           hepTop_zk_reco hepTop_zb_reco hepTop_cosThetaStar_reco hepTop_CNN_reco
                         :           hepTop_zk_reco:         +1.000         +0.078                   -0.037          +0.089
                         :           hepTop_zb_reco:         +0.078         +1.000                   -0.157          +0.129
                         : hepTop_cosThetaStar_reco:         -0.037         -0.157                   +1.000          -0.378
                         :          hepTop_CNN_reco:         +0.089         +0.129                   -0.378          +1.000
                         : ------------------------------------------------------------------------------------------------
DataSetInfo              : Correlation matrix (Background):
                         : ------------------------------------------------------------------------------------------------
                         :                           hepTop_zk_reco hepTop_zb_reco hepTop_cosThetaStar_reco hepTop_CNN_reco
                         :           hepTop_zk_reco:         +1.000         +0.014                   -0.026          +0.099
                         :           hepTop_zb_reco:         +0.014         +1.000                   -0.148          +0.098
                         : hepTop_cosThetaStar_reco:         -0.026         -0.148                   +1.000          -0.351
                         :          hepTop_CNN_reco:         +0.099         +0.098                   -0.351          +1.000
                         : ------------------------------------------------------------------------------------------------
DataSetFactory           : [dataset] :  
                         : 
Factory                  : [1mTrain all methods[0m
Factory                  : [dataset] : Create Transformation "I" with events from all classes.
                         : 
                         : Transformation, Variable selection : 
                         : Input : variable 'hepTop_zk_reco' <---> Output : variable 'hepTop_zk_reco'
                         : Input : variable 'hepTop_zb_reco' <---> Output : variable 'hepTop_zb_reco'
                         : Input : variable 'hepTop_cosThetaStar_reco' <---> Output : variable 'hepTop_cosThetaStar_reco'
                         : Input : variable 'hepTop_CNN_reco' <---> Output : variable 'hepTop_CNN_reco'
TFHandler_Factory        :                 Variable                        Mean                        RMS                [        Min                        Max ]
                         : -------------------------------------------------------------------------------------------------------------------------------------------
                         :           hepTop_zk_reco:                   0.44517                   0.14954   [                  0.028596                   0.93429 ]
                         :           hepTop_zb_reco:                   0.35524                   0.17844   [                 0.0037059                   0.94623 ]
                         : hepTop_cosThetaStar_reco:                   0.10666                   0.47765   [                  -0.97959                    1.0000 ]
                         :          hepTop_CNN_reco:                   0.51470                  0.090425   [                   0.14811                   0.82300 ]
                         : -------------------------------------------------------------------------------------------------------------------------------------------
                         : Ranking input variables (method unspecific)...
IdTransformation         : Ranking result (top variable is best ranked)
                         : -------------------------------------------------
                         : Rank : Variable                 : Separation
                         : -------------------------------------------------
                         :    1 : hepTop_CNN_reco          : 3.473e-02
                         :    2 : hepTop_cosThetaStar_reco : 7.096e-03
                         :    3 : hepTop_zk_reco           : 3.155e-03
                         :    4 : hepTop_zb_reco           : 2.065e-03
                         : -------------------------------------------------
Factory                  : Train method: BDT for Classification
                         : 
BDT                      : #events: (reweighted) sig: 696974 bkg: 696974
                         : #events: (unweighted) sig: 861398 bkg: 532551
                         : Training 850 Decision Trees ... patience please
0%, time left: unknown
6%, time left: 5 mins
12%, time left: 5 mins
18%, time left: 297 sec
25%, time left: 282 sec
31%, time left: 288 sec
37%, time left: 260 sec
43%, time left: 231 sec
50%, time left: 212 sec
56%, time left: 183 sec
62%, time left: 156 sec
68%, time left: 129 sec
75%, time left: 102 sec
81%, time left: 76 sec
87%, time left: 50 sec
93%, time left: 25 sec
                         : Elapsed time for training with 1393949 events: 412 sec         
BDT                      : [dataset] : Evaluation of BDT on training sample (1393949 events)
0%, time left: unknown
6%, time left: 47 sec
12%, time left: 44 sec
18%, time left: 41 sec
25%, time left: 37 sec
31%, time left: 34 sec
37%, time left: 31 sec
43%, time left: 28 sec
50%, time left: 24 sec
56%, time left: 21 sec
62%, time left: 18 sec
68%, time left: 15 sec
75%, time left: 12 sec
81%, time left: 9 sec
87%, time left: 6 sec
93%, time left: 3 sec
                         : Elapsed time for evaluation of 1393949 events: 50.3 sec       
                         : Creating xml weight file: [0;36mdataset/weights/TMVAClassification_BDT.weights.xml[0m
                         : Creating standalone class: [0;36mdataset/weights/TMVAClassification_BDT.class.C[0m
Factory                  : Training finished
                         : 
                         : Ranking input variables (method specific)...
BDT                      : Ranking result (top variable is best ranked)
                         : ----------------------------------------------------------
                         : Rank : Variable                 : Variable Importance
                         : ----------------------------------------------------------
                         :    1 : hepTop_CNN_reco          : 3.431e-01
                         :    2 : hepTop_zb_reco           : 2.354e-01
                         :    3 : hepTop_cosThetaStar_reco : 2.177e-01
                         :    4 : hepTop_zk_reco           : 2.038e-01
                         : ----------------------------------------------------------
Factory                  : === Destroy and recreate all methods via weight files for testing ===
                         : 
                         : Reading weight file: [0;36mdataset/weights/TMVAClassification_BDT.weights.xml[0m
Factory                  : [1mTest all methods[0m
Factory                  : Test method: BDT for Classification performance
                         : 
BDT                      : [dataset] : Evaluation of BDT on testing sample (747902 events)
0%, time left: unknown
7%, time left: 23 sec
13%, time left: 21 sec
19%, time left: 19 sec
26%, time left: 18 sec
32%, time left: 16 sec
38%, time left: 15 sec
44%, time left: 13 sec
50%, time left: 11 sec
56%, time left: 10 sec
62%, time left: 8 sec
68%, time left: 7 sec
75%, time left: 5 sec
81%, time left: 4 sec
87%, time left: 2 sec
93%, time left: 1 sec
                         : Elapsed time for evaluation of 747902 events: 24.3 sec       
Factory                  : [1mEvaluate all methods[0m
Factory                  : Evaluate classifier: BDT
                         : 
BDT                      : [dataset] : Loop over test events and fill histograms with classifier response...
                         : 
TFHandler_BDT            :                 Variable                        Mean                        RMS                [        Min                        Max ]
                         : -------------------------------------------------------------------------------------------------------------------------------------------
                         :           hepTop_zk_reco:                   0.44278                   0.14645   [                  0.029024                   0.93169 ]
                         :           hepTop_zb_reco:                   0.35089                   0.17705   [                 0.0036669                   0.93881 ]
                         : hepTop_cosThetaStar_reco:                   0.13273                   0.47779   [                  -0.97527                    1.0000 ]
                         :          hepTop_CNN_reco:                   0.50359                  0.090436   [                   0.12195                   0.82834 ]
                         : -------------------------------------------------------------------------------------------------------------------------------------------
                         : 
                         : Evaluation results ranked by best signal efficiency and purity (area)
                         : -------------------------------------------------------------------------------------------------------------------
                         : DataSet       MVA                       
                         : Name:         Method:          ROC-integ
                         : dataset       BDT            : 0.609
                         : -------------------------------------------------------------------------------------------------------------------
                         : 
                         : Testing efficiency compared to training efficiency (overtraining check)
                         : -------------------------------------------------------------------------------------------------------------------
                         : DataSet              MVA              Signal efficiency: from test sample (from training sample) 
                         : Name:                Method:          @B=0.01             @B=0.10            @B=0.30   
                         : -------------------------------------------------------------------------------------------------------------------
                         : dataset              BDT            : 0.024 (0.024)       0.185 (0.185)      0.449 (0.450)
                         : -------------------------------------------------------------------------------------------------------------------
                         : 
Dataset:dataset          : Created tree 'TestTree' with 747902 events
                         : 
Dataset:dataset          : Created tree 'TrainTree' with 1393949 events
                         : 
Factory                  : [1mThank you for using TMVA![0m
                         : [1mFor citation information, please visit: http://tmva.sf.net/citeTMVA.html[0m
==> Wrote root file: TMVA.root
==> TMVAClassification is done!
